Determining if the pthread_create exist failed with the following output:
Change Dir: /lcg/home/brferraz/dev/advRendering/glslcookbook-master-build/CMakeFiles/CMakeTmp

Run Build Command:/usr/bin/make "cmTryCompileExec3906831675/fast"
make: Warning: File `Makefile' has modification time 29 s in the future
/usr/bin/make -f CMakeFiles/cmTryCompileExec3906831675.dir/build.make CMakeFiles/cmTryCompileExec3906831675.dir/build
make[1]: Entering directory `/lcg/home/brferraz/dev/advRendering/glslcookbook-master-build/CMakeFiles/CMakeTmp'
make[1]: Warning: File `CMakeFiles/cmTryCompileExec3906831675.dir/flags.make' has modification time 29 s in the future
/usr/bin/cmake -E cmake_progress_report /lcg/home/brferraz/dev/advRendering/glslcookbook-master-build/CMakeFiles/CMakeTmp/CMakeFiles 1
Building C object CMakeFiles/cmTryCompileExec3906831675.dir/CheckSymbolExists.c.o
/usr/bin/cc    -o CMakeFiles/cmTryCompileExec3906831675.dir/CheckSymbolExists.c.o   -c /lcg/home/brferraz/dev/advRendering/glslcookbook-master-build/CMakeFiles/CMakeTmp/CheckSymbolExists.c
Linking C executable cmTryCompileExec3906831675
/usr/bin/cmake -E cmake_link_script CMakeFiles/cmTryCompileExec3906831675.dir/link.txt --verbose=1
/usr/bin/cc       CMakeFiles/cmTryCompileExec3906831675.dir/CheckSymbolExists.c.o  -o cmTryCompileExec3906831675 -rdynamic 
CMakeFiles/cmTryCompileExec3906831675.dir/CheckSymbolExists.c.o: In function `main':
CheckSymbolExists.c:(.text+0x16): undefined reference to `pthread_create'
collect2: error: ld returned 1 exit status
make[1]: Leaving directory `/lcg/home/brferraz/dev/advRendering/glslcookbook-master-build/CMakeFiles/CMakeTmp'
make[1]: *** [cmTryCompileExec3906831675] Error 1
make: *** [cmTryCompileExec3906831675/fast] Error 2

File /lcg/home/brferraz/dev/advRendering/glslcookbook-master-build/CMakeFiles/CMakeTmp/CheckSymbolExists.c:
/* */
#include <pthread.h>

int main(int argc, char** argv)
{
  (void)argv;
#ifndef pthread_create
  return ((int*)(&pthread_create))[argc];
#else
  (void)argc;
  return 0;
#endif
}

Determining if the function pthread_create exists in the pthreads failed with the following output:
Change Dir: /lcg/home/brferraz/dev/advRendering/glslcookbook-master-build/CMakeFiles/CMakeTmp

Run Build Command:/usr/bin/make "cmTryCompileExec1147865321/fast"
make: Warning: File `Makefile' has modification time 29 s in the future
/usr/bin/make -f CMakeFiles/cmTryCompileExec1147865321.dir/build.make CMakeFiles/cmTryCompileExec1147865321.dir/build
make[1]: Entering directory `/lcg/home/brferraz/dev/advRendering/glslcookbook-master-build/CMakeFiles/CMakeTmp'
make[1]: Warning: File `CMakeFiles/cmTryCompileExec1147865321.dir/flags.make' has modification time 29 s in the future
/usr/bin/cmake -E cmake_progress_report /lcg/home/brferraz/dev/advRendering/glslcookbook-master-build/CMakeFiles/CMakeTmp/CMakeFiles 1
Building C object CMakeFiles/cmTryCompileExec1147865321.dir/CheckFunctionExists.c.o
/usr/bin/cc   -DCHECK_FUNCTION_EXISTS=pthread_create   -o CMakeFiles/cmTryCompileExec1147865321.dir/CheckFunctionExists.c.o   -c /usr/share/cmake-2.8/Modules/CheckFunctionExists.c
Linking C executable cmTryCompileExec1147865321
/usr/bin/cmake -E cmake_link_script CMakeFiles/cmTryCompileExec1147865321.dir/link.txt --verbose=1
/usr/bin/cc   -DCHECK_FUNCTION_EXISTS=pthread_create    CMakeFiles/cmTryCompileExec1147865321.dir/CheckFunctionExists.c.o  -o cmTryCompileExec1147865321 -rdynamic -lpthreads 
/usr/bin/ld: cannot find -lpthreads
collect2: error: ld returned 1 exit status
make[1]: Leaving directory `/lcg/home/brferraz/dev/advRendering/glslcookbook-master-build/CMakeFiles/CMakeTmp'
make[1]: *** [cmTryCompileExec1147865321] Error 1
make: *** [cmTryCompileExec1147865321/fast] Error 2


